()
()
()
()
[{'id': 624317, 'action': 'OPEN', 'source_vid': 4486011, 'update_time': datetime.datetime(2018, 10, 15, 22, 17, 57), 'is_processed': 0, 'pid': None, 'uid': 'maris@appbk.com'}]
Accuracy = 0% (0/1) (classification)
雷人囧事,童趣,影视剧吐槽 允悲,拖拉机,原谅
()
[{'source_vid': 4465678, 'is_processed': 0, 'action': 'OPEN', 'pid': None, 'uid': 'maris@appbk.com', 'update_time': datetime.datetime(2018, 10, 15, 22, 18, 34), 'id': 624318}]
Accuracy = 0% (0/1) (classification)
恶搞配音,爆笑节目,影视剧吐槽 允悲,王者,荣耀
()
[{'uid': 'maris@appbk.com', 'action': 'OPEN', 'update_time': datetime.datetime(2018, 10, 15, 22, 19, 14), 'pid': None, 'is_processed': 0, 'id': 624319, 'source_vid': 4490510}]
Accuracy = 0% (0/1) (classification)
萌宠,恶搞配音,娱乐八卦 允悲,笑死人,驾校
[{'action': 'OPEN', 'id': 624320, 'is_processed': 0, 'update_time': datetime.datetime(2018, 10, 15, 22, 19, 25), 'source_vid': 4441203, 'pid': None, 'uid': 'maris@appbk.com'}, {'action': 'OPEN', 'id': 624321, 'is_processed': 0, 'update_time': datetime.datetime(2018, 10, 15, 22, 19, 29), 'source_vid': 4441203, 'pid': None, 'uid': 'maris@appbk.com'}]
Accuracy = 0% (0/1) (classification)
爆笑节目,影视剧吐槽,恶搞配音 王者,荣耀,实况
Accuracy = 0% (0/1) (classification)
爆笑节目,影视剧吐槽,恶搞配音 王者,荣耀,实况
[{'update_time': datetime.datetime(2018, 10, 15, 22, 19, 43), 'is_processed': 0, 'action': 'OPEN', 'source_vid': 4461115, 'uid': 'maris@appbk.com', 'id': 624322, 'pid': None}]
Accuracy = 0% (0/1) (classification)
娱乐八卦,爆笑节目,小品 允悲,套路,不破
()
()
()
()
()
()
()
()
()
()
()
()
()
()
()
()
()
()
()
()
()
()
()
()
()
()
()
()
()
()
()
()
()
()
()
()
()
()
()
()
()
()
()
()
()
()
()
()
()
()
()
()
()
()
()
()
()
()
()
()
()
()
()
()
()
()
()
()
()
()
()
()
()
()
()
()
()
()
()
()
()
()
()
()
()
()
()
()
()
()
()
()
()
()
()
()
()
()
()
()
()
()
()
()
()
()
()
()
()
()
()
()
()
()
()
()
()
()
()
()
()
()
()
()
()
()
()
()
()
()
()
()
()
()
()
()
()
()
()
()
()
()
()
()
()
()
()
()
()
()
()
()
()
()
()
()
()
()
()
()
()
()
()
()
()
()
()
()
()
()
()
()
()
()
()
()
()
()
()
()
()
()
()
()
()
()
()
()
()
()
()
()
()
()
()
()
()
()
()
()
()
()
()
