xiaochengxu_server.py not exist!
xiaochengxu_server.py start OK
ServPort  is not listening!
/data/felixping/xiaochengxu/5_server/script
xiaochengxu_server.py not exist!
xiaochengxu_server.py start OK
ServPort  is not listening!
/data/felixping/xiaochengxu/5_server/script
xiaochengxu_server.py not exist!
xiaochengxu_server.py start OK
ServPort  is not listening!
/data/felixping/xiaochengxu/5_server/script
xiaochengxu_server.py not exist!
xiaochengxu_server.py start OK
ServPort  is not listening!
/data/felixping/xiaochengxu/5_server/script
xiaochengxu_server.py not exist!
xiaochengxu_server.py start OK
ServPort  is not listening!
/data/felixping/xiaochengxu/5_server/script
xiaochengxu_server.py not exist!
xiaochengxu_server.py start OK
ServPort  is not listening!
/data/pingshantao/script
xiaochengxu_server.py 8008 not exist!
xiaochengxu_server.py 8008 start OK
ServPort  is not listening!
/data/pingshantao/script
xiaochengxu_server.py 8008 not exist!
xiaochengxu_server.py 8008 start OK
ServPort  is not listening!
/data/pingshantao/script
xiaochengxu_server.py 8008 not exist!
xiaochengxu_server.py 8008 start OK
ServPort  is not listening!
/data/pingshantao/script
xiaochengxu_server.py 8008 not exist!
xiaochengxu_server.py 8008 start OK
ServPort  is not listening!
/data/pingshantao/script
xiaochengxu_server.py 8008 not exist!
xiaochengxu_server.py 8008 start OK
ServPort  is not listening!
/data/pingshantao/script
xiaochengxu_server.py 8008 not exist!
xiaochengxu_server.py 8008 start OK
ServPort  is not listening!
/data/pingshantao/script
xiaochengxu_server.py 8008 not exist!
xiaochengxu_server.py 8008 start OK
ServPort  is not listening!
/data/pingshantao/script
xiaochengxu_server.py 8008 not exist!
xiaochengxu_server.py 8008 start OK
ServPort  is not listening!
/data/pingshantao/script
xiaochengxu_server.py 8008 not exist!
xiaochengxu_server.py 8008 start OK
ServPort  is not listening!
/data/pingshantao/script
xiaochengxu_server.py 8008 not exist!
xiaochengxu_server.py 8008 start OK
ServPort  is not listening!
/data/pingshantao/script
xiaochengxu_server.py 8008 not exist!
xiaochengxu_server.py 8008 start OK
ServPort  is not listening!
/data/pingshantao/script
xiaochengxu_server.py 8008 not exist!
xiaochengxu_server.py 8008 start OK
ServPort  is not listening!
/data/pingshantao/script
xiaochengxu_server.py 8008 not exist!
xiaochengxu_server.py 8008 start OK
ServPort  is not listening!
/data/pingshantao/script
xiaochengxu_server.py 8008 not exist!
xiaochengxu_server.py 8008 start OK
ServPort  is not listening!
/data/pingshantao/script
xiaochengxu_server.py 8008 not exist!
xiaochengxu_server.py 8008 start OK
ServPort  is not listening!
/data/pingshantao/script
xiaochengxu_server.py 8008 not exist!
xiaochengxu_server.py 8008 start OK
ServPort  is not listening!
/data/pingshantao/script
xiaochengxu_server.py 8008 not exist!
xiaochengxu_server.py 8008 start OK
ServPort  is not listening!
/data/pingshantao/script
xiaochengxu_server.py 8008 not exist!
xiaochengxu_server.py 8008 start OK
ServPort  is not listening!
/data/pingshantao/script
xiaochengxu_server.py 8008 not exist!
xiaochengxu_server.py 8008 start OK
ServPort  is not listening!
/data/pingshantao/script
asm_server.py 8888 not exist!
asm_server.py 8888 start OK
ServPort 8888 listen OK
/data/maris/appstoreSearchAds1/script
asm_server.py 8888 not exist!
asm_server.py 8888 start OK
ServPort 8888 listen OK
/data/maris/appstoreSearchAds1/script
asm_server.py 8888 not exist!
asm_server.py 8888 start OK
ServPort 8888 listen OK
/data/maris/appstoreSearchAds1/script
asm_server.py 8888 not exist!
asm_server.py 8888 start OK
ServPort 8888 listen OK
/data/maris/appstoreSearchAds1/script
asm_server.py 8888 not exist!
asm_server.py 8888 start OK
ServPort 8888 listen OK
/data/maris/appstoreSearchAds1/script
asm_server.py 8888 not exist!
asm_server.py 8888 start OK
ServPort 8888 listen OK
/data/maris/appstoreSearchAds1/script
asm_server.py 8888 not exist!
asm_server.py 8888 start OK
ServPort 8888 listen OK
/data/maris/appstoreSearchAds1/script
asm_server.py 8888 not exist!
asm_server.py 8888 start OK
ServPort 8888 listen OK
/data/asm_server/script
asm_server.py 8888 not exist!
asm_server.py 8888 start OK
ServPort 8888 listen OK
/data/asm_server/script
asm_server.py 8888 not exist!
asm_server.py 8888 start OK
ServPort 8888 listen OK
/data/asm_server/script
